Vivado Simulator 2019.2
Copyright 1986-1999, 2001-2019 Xilinx, Inc. All Rights Reserved.
Running: E:/Programs/Xilinx/Vivado/2019.2/bin/unwrapped/win64.o/xelab.exe -wto 9f9bd020b3b84c66809abfa76e3941fe --incr --debug typical --relax --mt 2 -L xil_defaultlib -L unisims_ver -L unimacro_ver -L secureip --snapshot fp2real_tb_behav xil_defaultlib.fp2real_tb xil_defaultlib.glbl -log elaborate.log 
Using 2 slave threads.
Starting static elaboration
Pass Through NonSizing Optimizer
WARNING: [VRFC 10-3091] actual bit length 32 differs from formal bit length 1 for port 'Cin' [C:/Users/PC/Desktop/KTSNC/FLP_TO_DECIMAL/FLP_TO_DECIMAL/adder.v:1000]
WARNING: [VRFC 10-3091] actual bit length 24 differs from formal bit length 25 for port 'data_in' [C:/Users/PC/Desktop/KTSNC/FLP_TO_DECIMAL/FLP_TO_DECIMAL/shiftleft_frac.v:28]
WARNING: [VRFC 10-3091] actual bit length 32 differs from formal bit length 1 for port 'Cin' [C:/Users/PC/Desktop/KTSNC/FLP_TO_DECIMAL/FLP_TO_DECIMAL/fraction.v:24]
WARNING: [VRFC 10-3091] actual bit length 32 differs from formal bit length 1 for port 'Cin' [C:/Users/PC/Desktop/KTSNC/FLP_TO_DECIMAL/FLP_TO_DECIMAL/fraction.v:25]
WARNING: [VRFC 10-3091] actual bit length 32 differs from formal bit length 1 for port 'Cin' [C:/Users/PC/Desktop/KTSNC/FLP_TO_DECIMAL/FLP_TO_DECIMAL/fraction.v:26]
WARNING: [VRFC 10-3091] actual bit length 32 differs from formal bit length 1 for port 'Cin' [C:/Users/PC/Desktop/KTSNC/FLP_TO_DECIMAL/FLP_TO_DECIMAL/fraction.v:27]
WARNING: [VRFC 10-3091] actual bit length 32 differs from formal bit length 1 for port 'Cin' [C:/Users/PC/Desktop/KTSNC/FLP_TO_DECIMAL/FLP_TO_DECIMAL/fraction.v:28]
WARNING: [VRFC 10-3091] actual bit length 32 differs from formal bit length 1 for port 'Cin' [C:/Users/PC/Desktop/KTSNC/FLP_TO_DECIMAL/FLP_TO_DECIMAL/fraction.v:29]
WARNING: [VRFC 10-3091] actual bit length 32 differs from formal bit length 1 for port 'Cin' [C:/Users/PC/Desktop/KTSNC/FLP_TO_DECIMAL/FLP_TO_DECIMAL/fraction.v:31]
WARNING: [VRFC 10-3091] actual bit length 32 differs from formal bit length 1 for port 'Cin' [C:/Users/PC/Desktop/KTSNC/FLP_TO_DECIMAL/FLP_TO_DECIMAL/fraction.v:32]
WARNING: [VRFC 10-3091] actual bit length 32 differs from formal bit length 1 for port 'Cin' [C:/Users/PC/Desktop/KTSNC/FLP_TO_DECIMAL/FLP_TO_DECIMAL/fraction.v:33]
WARNING: [VRFC 10-3091] actual bit length 32 differs from formal bit length 1 for port 'Cin' [C:/Users/PC/Desktop/KTSNC/FLP_TO_DECIMAL/FLP_TO_DECIMAL/fraction.v:35]
WARNING: [VRFC 10-3091] actual bit length 32 differs from formal bit length 1 for port 'Cin' [C:/Users/PC/Desktop/KTSNC/FLP_TO_DECIMAL/FLP_TO_DECIMAL/fraction.v:36]
WARNING: [VRFC 10-3091] actual bit length 32 differs from formal bit length 1 for port 'cin' [C:/Users/PC/Desktop/KTSNC/FLP_TO_DECIMAL/FLP_TO_DECIMAL/mult.v:372]
WARNING: [VRFC 10-3091] actual bit length 32 differs from formal bit length 1 for port 'cin' [C:/Users/PC/Desktop/KTSNC/FLP_TO_DECIMAL/FLP_TO_DECIMAL/mult.v:374]
WARNING: [VRFC 10-3091] actual bit length 32 differs from formal bit length 1 for port 'cin' [C:/Users/PC/Desktop/KTSNC/FLP_TO_DECIMAL/FLP_TO_DECIMAL/mult.v:376]
WARNING: [VRFC 10-5021] port 'Cin' is not connected on this instance [C:/Users/PC/Desktop/KTSNC/FLP_TO_DECIMAL/FLP_TO_DECIMAL/fp2real.v:43]
WARNING: [VRFC 10-5021] port 'Cin' is not connected on this instance [C:/Users/PC/Desktop/KTSNC/FLP_TO_DECIMAL/FLP_TO_DECIMAL/two_compliment.v:303]
WARNING: [VRFC 10-3091] actual bit length 32 differs from formal bit length 1 for port 'Cin' [C:/Users/PC/Desktop/KTSNC/FLP_TO_DECIMAL/FLP_TO_DECIMAL/adder.v:1022]
WARNING: [VRFC 10-5021] port 'Cin' is not connected on this instance [C:/Users/PC/Desktop/KTSNC/FLP_TO_DECIMAL/FLP_TO_DECIMAL/shiftleft_frac.v:22]
WARNING: [VRFC 10-5021] port 'Cin' is not connected on this instance [C:/Users/PC/Desktop/KTSNC/FLP_TO_DECIMAL/FLP_TO_DECIMAL/two_compliment.v:329]
WARNING: [VRFC 10-3091] actual bit length 32 differs from formal bit length 1 for port 'Cin' [C:/Users/PC/Desktop/KTSNC/FLP_TO_DECIMAL/FLP_TO_DECIMAL/adder.v:1081]
WARNING: [VRFC 10-5021] port 'Cin' is not connected on this instance [C:/Users/PC/Desktop/KTSNC/FLP_TO_DECIMAL/FLP_TO_DECIMAL/precision.v:36]
WARNING: [VRFC 10-5021] port 'Cin' is not connected on this instance [C:/Users/PC/Desktop/KTSNC/FLP_TO_DECIMAL/FLP_TO_DECIMAL/precision.v:37]
WARNING: [VRFC 10-5021] port 'Cin' is not connected on this instance [C:/Users/PC/Desktop/KTSNC/FLP_TO_DECIMAL/FLP_TO_DECIMAL/precision.v:38]
WARNING: [VRFC 10-5021] port 'Cin' is not connected on this instance [C:/Users/PC/Desktop/KTSNC/FLP_TO_DECIMAL/FLP_TO_DECIMAL/precision.v:39]
WARNING: [VRFC 10-5021] port 'Cin' is not connected on this instance [C:/Users/PC/Desktop/KTSNC/FLP_TO_DECIMAL/FLP_TO_DECIMAL/precision.v:40]
WARNING: [VRFC 10-5021] port 'Cin' is not connected on this instance [C:/Users/PC/Desktop/KTSNC/FLP_TO_DECIMAL/FLP_TO_DECIMAL/precision.v:41]
WARNING: [VRFC 10-5021] port 'Cin' is not connected on this instance [C:/Users/PC/Desktop/KTSNC/FLP_TO_DECIMAL/FLP_TO_DECIMAL/precision.v:42]
WARNING: [VRFC 10-5021] port 'Cin' is not connected on this instance [C:/Users/PC/Desktop/KTSNC/FLP_TO_DECIMAL/FLP_TO_DECIMAL/precision.v:43]
WARNING: [VRFC 10-5021] port 'Cin' is not connected on this instance [C:/Users/PC/Desktop/KTSNC/FLP_TO_DECIMAL/FLP_TO_DECIMAL/precision.v:44]
WARNING: [VRFC 10-5021] port 'Cin' is not connected on this instance [C:/Users/PC/Desktop/KTSNC/FLP_TO_DECIMAL/FLP_TO_DECIMAL/precision.v:45]
WARNING: [VRFC 10-5021] port 'Cin' is not connected on this instance [C:/Users/PC/Desktop/KTSNC/FLP_TO_DECIMAL/FLP_TO_DECIMAL/precision.v:46]
WARNING: [VRFC 10-5021] port 'Cin' is not connected on this instance [C:/Users/PC/Desktop/KTSNC/FLP_TO_DECIMAL/FLP_TO_DECIMAL/precision.v:47]
WARNING: [VRFC 10-5021] port 'Cin' is not connected on this instance [C:/Users/PC/Desktop/KTSNC/FLP_TO_DECIMAL/FLP_TO_DECIMAL/precision.v:49]
WARNING: [VRFC 10-5021] port 'Cin' is not connected on this instance [C:/Users/PC/Desktop/KTSNC/FLP_TO_DECIMAL/FLP_TO_DECIMAL/precision.v:50]
WARNING: [VRFC 10-5021] port 'Cin' is not connected on this instance [C:/Users/PC/Desktop/KTSNC/FLP_TO_DECIMAL/FLP_TO_DECIMAL/precision.v:51]
WARNING: [VRFC 10-5021] port 'Cin' is not connected on this instance [C:/Users/PC/Desktop/KTSNC/FLP_TO_DECIMAL/FLP_TO_DECIMAL/precision.v:52]
WARNING: [VRFC 10-5021] port 'Cin' is not connected on this instance [C:/Users/PC/Desktop/KTSNC/FLP_TO_DECIMAL/FLP_TO_DECIMAL/precision.v:53]
WARNING: [VRFC 10-5021] port 'Cin' is not connected on this instance [C:/Users/PC/Desktop/KTSNC/FLP_TO_DECIMAL/FLP_TO_DECIMAL/precision.v:54]
WARNING: [VRFC 10-5021] port 'Cin' is not connected on this instance [C:/Users/PC/Desktop/KTSNC/FLP_TO_DECIMAL/FLP_TO_DECIMAL/precision.v:56]
WARNING: [VRFC 10-5021] port 'Cin' is not connected on this instance [C:/Users/PC/Desktop/KTSNC/FLP_TO_DECIMAL/FLP_TO_DECIMAL/precision.v:57]
WARNING: [VRFC 10-5021] port 'Cin' is not connected on this instance [C:/Users/PC/Desktop/KTSNC/FLP_TO_DECIMAL/FLP_TO_DECIMAL/precision.v:58]
WARNING: [VRFC 10-5021] port 'Cin' is not connected on this instance [C:/Users/PC/Desktop/KTSNC/FLP_TO_DECIMAL/FLP_TO_DECIMAL/precision.v:60]
WARNING: [VRFC 10-5021] port 'Cin' is not connected on this instance [C:/Users/PC/Desktop/KTSNC/FLP_TO_DECIMAL/FLP_TO_DECIMAL/precision.v:61]
WARNING: [VRFC 10-3091] actual bit length 32 differs from formal bit length 1 for port 'Cin' [C:/Users/PC/Desktop/KTSNC/FLP_TO_DECIMAL/FLP_TO_DECIMAL/adder.v:688]
WARNING: [VRFC 10-5021] port 'Cin' is not connected on this instance [C:/Users/PC/Desktop/KTSNC/FLP_TO_DECIMAL/FLP_TO_DECIMAL/fraction.v:62]
WARNING: [VRFC 10-5021] port 'Cin' is not connected on this instance [C:/Users/PC/Desktop/KTSNC/FLP_TO_DECIMAL/FLP_TO_DECIMAL/fraction.v:63]
WARNING: [VRFC 10-5021] port 'Cin' is not connected on this instance [C:/Users/PC/Desktop/KTSNC/FLP_TO_DECIMAL/FLP_TO_DECIMAL/fraction.v:64]
WARNING: [VRFC 10-5021] port 'Cin' is not connected on this instance [C:/Users/PC/Desktop/KTSNC/FLP_TO_DECIMAL/FLP_TO_DECIMAL/fraction.v:65]
WARNING: [VRFC 10-3091] actual bit length 5 differs from formal bit length 6 for port 'S' [C:/Users/PC/Desktop/KTSNC/FLP_TO_DECIMAL/FLP_TO_DECIMAL/fraction.v:62]
WARNING: [VRFC 10-3091] actual bit length 5 differs from formal bit length 6 for port 'S' [C:/Users/PC/Desktop/KTSNC/FLP_TO_DECIMAL/FLP_TO_DECIMAL/fraction.v:63]
WARNING: [VRFC 10-3091] actual bit length 5 differs from formal bit length 6 for port 'S' [C:/Users/PC/Desktop/KTSNC/FLP_TO_DECIMAL/FLP_TO_DECIMAL/fraction.v:64]
WARNING: [VRFC 10-3091] actual bit length 5 differs from formal bit length 6 for port 'S' [C:/Users/PC/Desktop/KTSNC/FLP_TO_DECIMAL/FLP_TO_DECIMAL/fraction.v:65]
WARNING: [VRFC 10-3091] actual bit length 32 differs from formal bit length 1 for port 'Cin' [C:/Users/PC/Desktop/KTSNC/FLP_TO_DECIMAL/FLP_TO_DECIMAL/adder_BCD.v:26]
WARNING: [VRFC 10-5021] port 'Cin' is not connected on this instance [C:/Users/PC/Desktop/KTSNC/FLP_TO_DECIMAL/FLP_TO_DECIMAL/mult.v:204]
WARNING: [VRFC 10-5021] port 'Cin' is not connected on this instance [C:/Users/PC/Desktop/KTSNC/FLP_TO_DECIMAL/FLP_TO_DECIMAL/mult.v:207]
WARNING: [VRFC 10-5021] port 'Cin' is not connected on this instance [C:/Users/PC/Desktop/KTSNC/FLP_TO_DECIMAL/FLP_TO_DECIMAL/mult.v:208]
WARNING: [VRFC 10-5021] port 'Cin' is not connected on this instance [C:/Users/PC/Desktop/KTSNC/FLP_TO_DECIMAL/FLP_TO_DECIMAL/mult.v:297]
WARNING: [VRFC 10-5021] port 'Cin' is not connected on this instance [C:/Users/PC/Desktop/KTSNC/FLP_TO_DECIMAL/FLP_TO_DECIMAL/mult.v:300]
WARNING: [VRFC 10-5021] port 'Cin' is not connected on this instance [C:/Users/PC/Desktop/KTSNC/FLP_TO_DECIMAL/FLP_TO_DECIMAL/mult.v:301]
WARNING: [VRFC 10-3091] actual bit length 32 differs from formal bit length 1 for port 'Cin' [C:/Users/PC/Desktop/KTSNC/FLP_TO_DECIMAL/FLP_TO_DECIMAL/adder.v:1062]
WARNING: [VRFC 10-3091] actual bit length 32 differs from formal bit length 1 for port 'Cin' [C:/Users/PC/Desktop/KTSNC/FLP_TO_DECIMAL/FLP_TO_DECIMAL/adder.v:931]
WARNING: [VRFC 10-3091] actual bit length 32 differs from formal bit length 1 for port 'Cin' [C:/Users/PC/Desktop/KTSNC/FLP_TO_DECIMAL/FLP_TO_DECIMAL/adder.v:822]
Completed static elaboration
Starting simulation data flow analysis
WARNING: [XSIM 43-4099] "C:/Users/PC/Desktop/KTSNC/FLP_TO_DECIMAL/FLP_TO_DECIMAL/adder.v" Line 991. Module adder9 doesn't have a timescale but at least one module in design has a timescale.
WARNING: [XSIM 43-4099] "C:/Users/PC/Desktop/KTSNC/FLP_TO_DECIMAL/FLP_TO_DECIMAL/adder.v" Line 1122. Module full_adder doesn't have a timescale but at least one module in design has a timescale.
WARNING: [XSIM 43-4099] "C:/Users/PC/Desktop/KTSNC/FLP_TO_DECIMAL/FLP_TO_DECIMAL/adder.v" Line 1122. Module full_adder doesn't have a timescale but at least one module in design has a timescale.
WARNING: [XSIM 43-4099] "C:/Users/PC/Desktop/KTSNC/FLP_TO_DECIMAL/FLP_TO_DECIMAL/adder.v" Line 1122. Module full_adder doesn't have a timescale but at least one module in design has a timescale.
WARNING: [XSIM 43-4099] "C:/Users/PC/Desktop/KTSNC/FLP_TO_DECIMAL/FLP_TO_DECIMAL/adder.v" Line 1122. Module full_adder doesn't have a timescale but at least one module in design has a timescale.
WARNING: [XSIM 43-4099] "C:/Users/PC/Desktop/KTSNC/FLP_TO_DECIMAL/FLP_TO_DECIMAL/adder.v" Line 1122. Module full_adder doesn't have a timescale but at least one module in design has a timescale.
WARNING: [XSIM 43-4099] "C:/Users/PC/Desktop/KTSNC/FLP_TO_DECIMAL/FLP_TO_DECIMAL/adder.v" Line 1122. Module full_adder doesn't have a timescale but at least one module in design has a timescale.
WARNING: [XSIM 43-4099] "C:/Users/PC/Desktop/KTSNC/FLP_TO_DECIMAL/FLP_TO_DECIMAL/adder.v" Line 1122. Module full_adder doesn't have a timescale but at least one module in design has a timescale.
WARNING: [XSIM 43-4099] "C:/Users/PC/Desktop/KTSNC/FLP_TO_DECIMAL/FLP_TO_DECIMAL/adder.v" Line 1122. Module full_adder doesn't have a timescale but at least one module in design has a timescale.
WARNING: [XSIM 43-4099] "C:/Users/PC/Desktop/KTSNC/FLP_TO_DECIMAL/FLP_TO_DECIMAL/adder.v" Line 1122. Module full_adder doesn't have a timescale but at least one module in design has a timescale.
WARNING: [XSIM 43-4099] "C:/Users/PC/Desktop/KTSNC/FLP_TO_DECIMAL/FLP_TO_DECIMAL/adder.v" Line 1013. Module adder8 doesn't have a timescale but at least one module in design has a timescale.
WARNING: [XSIM 43-4099] "C:/Users/PC/Desktop/KTSNC/FLP_TO_DECIMAL/FLP_TO_DECIMAL/adder.v" Line 1122. Module full_adder doesn't have a timescale but at least one module in design has a timescale.
WARNING: [XSIM 43-4099] "C:/Users/PC/Desktop/KTSNC/FLP_TO_DECIMAL/FLP_TO_DECIMAL/adder.v" Line 1122. Module full_adder doesn't have a timescale but at least one module in design has a timescale.
WARNING: [XSIM 43-4099] "C:/Users/PC/Desktop/KTSNC/FLP_TO_DECIMAL/FLP_TO_DECIMAL/adder.v" Line 1122. Module full_adder doesn't have a timescale but at least one module in design has a timescale.
WARNING: [XSIM 43-4099] "C:/Users/PC/Desktop/KTSNC/FLP_TO_DECIMAL/FLP_TO_DECIMAL/adder.v" Line 1122. Module full_adder doesn't have a timescale but at least one module in design has a timescale.
WARNING: [XSIM 43-4099] "C:/Users/PC/Desktop/KTSNC/FLP_TO_DECIMAL/FLP_TO_DECIMAL/adder.v" Line 1122. Module full_adder doesn't have a timescale but at least one module in design has a timescale.
WARNING: [XSIM 43-4099] "C:/Users/PC/Desktop/KTSNC/FLP_TO_DECIMAL/FLP_TO_DECIMAL/adder.v" Line 1122. Module full_adder doesn't have a timescale but at least one module in design has a timescale.
WARNING: [XSIM 43-4099] "C:/Users/PC/Desktop/KTSNC/FLP_TO_DECIMAL/FLP_TO_DECIMAL/adder.v" Line 1122. Module full_adder doesn't have a timescale but at least one module in design has a timescale.
WARNING: [XSIM 43-4099] "C:/Users/PC/Desktop/KTSNC/FLP_TO_DECIMAL/FLP_TO_DECIMAL/adder.v" Line 1122. Module full_adder doesn't have a timescale but at least one module in design has a timescale.
WARNING: [XSIM 43-4099] "C:/Users/PC/Desktop/KTSNC/FLP_TO_DECIMAL/FLP_TO_DECIMAL/adder.v" Line 1013. Module adder8 doesn't have a timescale but at least one module in design has a timescale.
WARNING: [XSIM 43-4099] "C:/Users/PC/Desktop/KTSNC/FLP_TO_DECIMAL/FLP_TO_DECIMAL/adder.v" Line 1122. Module full_adder doesn't have a timescale but at least one module in design has a timescale.
WARNING: [XSIM 43-4099] "C:/Users/PC/Desktop/KTSNC/FLP_TO_DECIMAL/FLP_TO_DECIMAL/adder.v" Line 1122. Module full_adder doesn't have a timescale but at least one module in design has a timescale.
WARNING: [XSIM 43-4099] "C:/Users/PC/Desktop/KTSNC/FLP_TO_DECIMAL/FLP_TO_DECIMAL/adder.v" Line 1122. Module full_adder doesn't have a timescale but at least one module in design has a timescale.
WARNING: [XSIM 43-4099] "C:/Users/PC/Desktop/KTSNC/FLP_TO_DECIMAL/FLP_TO_DECIMAL/adder.v" Line 1122. Module full_adder doesn't have a timescale but at least one module in design has a timescale.
WARNING: [XSIM 43-4099] "C:/Users/PC/Desktop/KTSNC/FLP_TO_DECIMAL/FLP_TO_DECIMAL/adder.v" Line 1122. Module full_adder doesn't have a timescale but at least one module in design has a timescale.
WARNING: [XSIM 43-4099] "C:/Users/PC/Desktop/KTSNC/FLP_TO_DECIMAL/FLP_TO_DECIMAL/adder.v" Line 1122. Module full_adder doesn't have a timescale but at least one module in design has a timescale.
WARNING: [XSIM 43-4099] "C:/Users/PC/Desktop/KTSNC/FLP_TO_DECIMAL/FLP_TO_DECIMAL/adder.v" Line 1122. Module full_adder doesn't have a timescale but at least one module in design has a timescale.
WARNING: [XSIM 43-4099] "C:/Users/PC/Desktop/KTSNC/FLP_TO_DECIMAL/FLP_TO_DECIMAL/adder.v" Line 1122. Module full_adder doesn't have a timescale but at least one module in design has a timescale.
WARNING: [XSIM 43-4099] "C:/Users/PC/Desktop/KTSNC/FLP_TO_DECIMAL/FLP_TO_DECIMAL/adder.v" Line 1013. Module adder8 doesn't have a timescale but at least one module in design has a timescale.
WARNING: [XSIM 43-4099] "C:/Users/PC/Desktop/KTSNC/FLP_TO_DECIMAL/FLP_TO_DECIMAL/adder.v" Line 1122. Module full_adder doesn't have a timescale but at least one module in design has a timescale.
WARNING: [XSIM 43-4099] "C:/Users/PC/Desktop/KTSNC/FLP_TO_DECIMAL/FLP_TO_DECIMAL/adder.v" Line 1122. Module full_adder doesn't have a timescale but at least one module in design has a timescale.
WARNING: [XSIM 43-4099] "C:/Users/PC/Desktop/KTSNC/FLP_TO_DECIMAL/FLP_TO_DECIMAL/adder.v" Line 1122. Module full_adder doesn't have a timescale but at least one module in design has a timescale.
WARNING: [XSIM 43-4099] "C:/Users/PC/Desktop/KTSNC/FLP_TO_DECIMAL/FLP_TO_DECIMAL/adder.v" Line 1122. Module full_adder doesn't have a timescale but at least one module in design has a timescale.
WARNING: [XSIM 43-4099] "C:/Users/PC/Desktop/KTSNC/FLP_TO_DECIMAL/FLP_TO_DECIMAL/adder.v" Line 1122. Module full_adder doesn't have a timescale but at least one module in design has a timescale.
WARNING: [XSIM 43-4099] "C:/Users/PC/Desktop/KTSNC/FLP_TO_DECIMAL/FLP_TO_DECIMAL/adder.v" Line 1122. Module full_adder doesn't have a timescale but at least one module in design has a timescale.
WARNING: [XSIM 43-4099] "C:/Users/PC/Desktop/KTSNC/FLP_TO_DECIMAL/FLP_TO_DECIMAL/adder.v" Line 1122. Module full_adder doesn't have a timescale but at least one module in design has a timescale.
WARNING: [XSIM 43-4099] "C:/Users/PC/Desktop/KTSNC/FLP_TO_DECIMAL/FLP_TO_DECIMAL/adder.v" Line 1122. Module full_adder doesn't have a timescale but at least one module in design has a timescale.
WARNING: [XSIM 43-4099] "C:/Users/PC/Desktop/KTSNC/FLP_TO_DECIMAL/FLP_TO_DECIMAL/adder.v" Line 1071. Module adder5 doesn't have a timescale but at least one module in design has a timescale.
WARNING: [XSIM 43-4099] "C:/Users/PC/Desktop/KTSNC/FLP_TO_DECIMAL/FLP_TO_DECIMAL/adder.v" Line 1122. Module full_adder doesn't have a timescale but at least one module in design has a timescale.
WARNING: [XSIM 43-4099] "C:/Users/PC/Desktop/KTSNC/FLP_TO_DECIMAL/FLP_TO_DECIMAL/adder.v" Line 1122. Module full_adder doesn't have a timescale but at least one module in design has a timescale.
WARNING: [XSIM 43-4099] "C:/Users/PC/Desktop/KTSNC/FLP_TO_DECIMAL/FLP_TO_DECIMAL/adder.v" Line 1122. Module full_adder doesn't have a timescale but at least one module in design has a timescale.
WARNING: [XSIM 43-4099] "C:/Users/PC/Desktop/KTSNC/FLP_TO_DECIMAL/FLP_TO_DECIMAL/adder.v" Line 1122. Module full_adder doesn't have a timescale but at least one module in design has a timescale.
WARNING: [XSIM 43-4099] "C:/Users/PC/Desktop/KTSNC/FLP_TO_DECIMAL/FLP_TO_DECIMAL/adder.v" Line 1122. Module full_adder doesn't have a timescale but at least one module in design has a timescale.
WARNING: [XSIM 43-4099] "C:/Users/PC/Desktop/KTSNC/FLP_TO_DECIMAL/FLP_TO_DECIMAL/adder.v" Line 1071. Module adder5 doesn't have a timescale but at least one module in design has a timescale.
WARNING: [XSIM 43-4099] "C:/Users/PC/Desktop/KTSNC/FLP_TO_DECIMAL/FLP_TO_DECIMAL/adder.v" Line 1122. Module full_adder doesn't have a timescale but at least one module in design has a timescale.
WARNING: [XSIM 43-4099] "C:/Users/PC/Desktop/KTSNC/FLP_TO_DECIMAL/FLP_TO_DECIMAL/adder.v" Line 1122. Module full_adder doesn't have a timescale but at least one module in design has a timescale.
WARNING: [XSIM 43-4099] "C:/Users/PC/Desktop/KTSNC/FLP_TO_DECIMAL/FLP_TO_DECIMAL/adder.v" Line 1122. Module full_adder doesn't have a timescale but at least one module in design has a timescale.
WARNING: [XSIM 43-4099] "C:/Users/PC/Desktop/KTSNC/FLP_TO_DECIMAL/FLP_TO_DECIMAL/adder.v" Line 1122. Module full_adder doesn't have a timescale but at least one module in design has a timescale.
WARNING: [XSIM 43-4099] "C:/Users/PC/Desktop/KTSNC/FLP_TO_DECIMAL/FLP_TO_DECIMAL/adder.v" Line 1122. Module full_adder doesn't have a timescale but at least one module in design has a timescale.
WARNING: [XSIM 43-4099] "C:/Users/PC/Desktop/KTSNC/FLP_TO_DECIMAL/FLP_TO_DECIMAL/adder.v" Line 679. Module adder24 doesn't have a timescale but at least one module in design has a timescale.
WARNING: [XSIM 43-4099] "C:/Users/PC/Desktop/KTSNC/FLP_TO_DECIMAL/FLP_TO_DECIMAL/adder.v" Line 1122. Module full_adder doesn't have a timescale but at least one module in design has a timescale.
WARNING: [XSIM 43-4099] "C:/Users/PC/Desktop/KTSNC/FLP_TO_DECIMAL/FLP_TO_DECIMAL/adder.v" Line 1122. Module full_adder doesn't have a timescale but at least one module in design has a timescale.
WARNING: [XSIM 43-4099] "C:/Users/PC/Desktop/KTSNC/FLP_TO_DECIMAL/FLP_TO_DECIMAL/adder.v" Line 1122. Module full_adder doesn't have a timescale but at least one module in design has a timescale.
WARNING: [XSIM 43-4099] "C:/Users/PC/Desktop/KTSNC/FLP_TO_DECIMAL/FLP_TO_DECIMAL/adder.v" Line 1122. Module full_adder doesn't have a timescale but at least one module in design has a timescale.
WARNING: [XSIM 43-4099] "C:/Users/PC/Desktop/KTSNC/FLP_TO_DECIMAL/FLP_TO_DECIMAL/adder.v" Line 1122. Module full_adder doesn't have a timescale but at least one module in design has a timescale.
WARNING: [XSIM 43-4099] "C:/Users/PC/Desktop/KTSNC/FLP_TO_DECIMAL/FLP_TO_DECIMAL/adder.v" Line 1122. Module full_adder doesn't have a timescale but at least one module in design has a timescale.
WARNING: [XSIM 43-4099] "C:/Users/PC/Desktop/KTSNC/FLP_TO_DECIMAL/FLP_TO_DECIMAL/adder.v" Line 1122. Module full_adder doesn't have a timescale but at least one module in design has a timescale.
WARNING: [XSIM 43-4099] "C:/Users/PC/Desktop/KTSNC/FLP_TO_DECIMAL/FLP_TO_DECIMAL/adder.v" Line 1122. Module full_adder doesn't have a timescale but at least one module in design has a timescale.
WARNING: [XSIM 43-4099] "C:/Users/PC/Desktop/KTSNC/FLP_TO_DECIMAL/FLP_TO_DECIMAL/adder.v" Line 1122. Module full_adder doesn't have a timescale but at least one module in design has a timescale.
WARNING: [XSIM 43-4099] "C:/Users/PC/Desktop/KTSNC/FLP_TO_DECIMAL/FLP_TO_DECIMAL/adder.v" Line 1122. Module full_adder doesn't have a timescale but at least one module in design has a timescale.
WARNING: [XSIM 43-4099] "C:/Users/PC/Desktop/KTSNC/FLP_TO_DECIMAL/FLP_TO_DECIMAL/adder.v" Line 1122. Module full_adder doesn't have a timescale but at least one module in design has a timescale.
WARNING: [XSIM 43-4099] "C:/Users/PC/Desktop/KTSNC/FLP_TO_DECIMAL/FLP_TO_DECIMAL/adder.v" Line 1122. Module full_adder doesn't have a timescale but at least one module in design has a timescale.
WARNING: [XSIM 43-4099] "C:/Users/PC/Desktop/KTSNC/FLP_TO_DECIMAL/FLP_TO_DECIMAL/adder.v" Line 1122. Module full_adder doesn't have a timescale but at least one module in design has a timescale.
WARNING: [XSIM 43-4099] "C:/Users/PC/Desktop/KTSNC/FLP_TO_DECIMAL/FLP_TO_DECIMAL/adder.v" Line 1122. Module full_adder doesn't have a timescale but at least one module in design has a timescale.
WARNING: [XSIM 43-4099] "C:/Users/PC/Desktop/KTSNC/FLP_TO_DECIMAL/FLP_TO_DECIMAL/adder.v" Line 1122. Module full_adder doesn't have a timescale but at least one module in design has a timescale.
WARNING: [XSIM 43-4099] "C:/Users/PC/Desktop/KTSNC/FLP_TO_DECIMAL/FLP_TO_DECIMAL/adder.v" Line 1122. Module full_adder doesn't have a timescale but at least one module in design has a timescale.
WARNING: [XSIM 43-4099] "C:/Users/PC/Desktop/KTSNC/FLP_TO_DECIMAL/FLP_TO_DECIMAL/adder.v" Line 1122. Module full_adder doesn't have a timescale but at least one module in design has a timescale.
WARNING: [XSIM 43-4099] "C:/Users/PC/Desktop/KTSNC/FLP_TO_DECIMAL/FLP_TO_DECIMAL/adder.v" Line 1122. Module full_adder doesn't have a timescale but at least one module in design has a timescale.
WARNING: [XSIM 43-4099] "C:/Users/PC/Desktop/KTSNC/FLP_TO_DECIMAL/FLP_TO_DECIMAL/adder.v" Line 1122. Module full_adder doesn't have a timescale but at least one module in design has a timescale.
WARNING: [XSIM 43-4099] "C:/Users/PC/Desktop/KTSNC/FLP_TO_DECIMAL/FLP_TO_DECIMAL/adder.v" Line 1122. Module full_adder doesn't have a timescale but at least one module in design has a timescale.
WARNING: [XSIM 43-4099] "C:/Users/PC/Desktop/KTSNC/FLP_TO_DECIMAL/FLP_TO_DECIMAL/adder.v" Line 1122. Module full_adder doesn't have a timescale but at least one module in design has a timescale.
WARNING: [XSIM 43-4099] "C:/Users/PC/Desktop/KTSNC/FLP_TO_DECIMAL/FLP_TO_DECIMAL/adder.v" Line 1122. Module full_adder doesn't have a timescale but at least one module in design has a timescale.
WARNING: [XSIM 43-4099] "C:/Users/PC/Desktop/KTSNC/FLP_TO_DECIMAL/FLP_TO_DECIMAL/adder.v" Line 1122. Module full_adder doesn't have a timescale but at least one module in design has a timescale.
WARNING: [XSIM 43-4099] "C:/Users/PC/Desktop/KTSNC/FLP_TO_DECIMAL/FLP_TO_DECIMAL/adder.v" Line 1122. Module full_adder doesn't have a timescale but at least one module in design has a timescale.
WARNING: [XSIM 43-4099] "C:/Users/PC/Desktop/KTSNC/FLP_TO_DECIMAL/FLP_TO_DECIMAL/adder.v" Line 679. Module adder24 doesn't have a timescale but at least one module in design has a timescale.
WARNING: [XSIM 43-4099] "C:/Users/PC/Desktop/KTSNC/FLP_TO_DECIMAL/FLP_TO_DECIMAL/adder.v" Line 1122. Module full_adder doesn't have a timescale but at least one module in design has a timescale.
WARNING: [XSIM 43-4099] "C:/Users/PC/Desktop/KTSNC/FLP_TO_DECIMAL/FLP_TO_DECIMAL/adder.v" Line 1122. Module full_adder doesn't have a timescale but at least one module in design has a timescale.
WARNING: [XSIM 43-4099] "C:/Users/PC/Desktop/KTSNC/FLP_TO_DECIMAL/FLP_TO_DECIMAL/adder.v" Line 1122. Module full_adder doesn't have a timescale but at least one module in design has a timescale.
WARNING: [XSIM 43-4099] "C:/Users/PC/Desktop/KTSNC/FLP_TO_DECIMAL/FLP_TO_DECIMAL/adder.v" Line 1122. Module full_adder doesn't have a timescale but at least one module in design has a timescale.
WARNING: [XSIM 43-4099] "C:/Users/PC/Desktop/KTSNC/FLP_TO_DECIMAL/FLP_TO_DECIMAL/adder.v" Line 1122. Module full_adder doesn't have a timescale but at least one module in design has a timescale.
WARNING: [XSIM 43-4099] "C:/Users/PC/Desktop/KTSNC/FLP_TO_DECIMAL/FLP_TO_DECIMAL/adder.v" Line 1122. Module full_adder doesn't have a timescale but at least one module in design has a timescale.
WARNING: [XSIM 43-4099] "C:/Users/PC/Desktop/KTSNC/FLP_TO_DECIMAL/FLP_TO_DECIMAL/adder.v" Line 1122. Module full_adder doesn't have a timescale but at least one module in design has a timescale.
WARNING: [XSIM 43-4099] "C:/Users/PC/Desktop/KTSNC/FLP_TO_DECIMAL/FLP_TO_DECIMAL/adder.v" Line 1122. Module full_adder doesn't have a timescale but at least one module in design has a timescale.
WARNING: [XSIM 43-4099] "C:/Users/PC/Desktop/KTSNC/FLP_TO_DECIMAL/FLP_TO_DECIMAL/adder.v" Line 1122. Module full_adder doesn't have a timescale but at least one module in design has a timescale.
WARNING: [XSIM 43-4099] "C:/Users/PC/Desktop/KTSNC/FLP_TO_DECIMAL/FLP_TO_DECIMAL/adder.v" Line 1122. Module full_adder doesn't have a timescale but at least one module in design has a timescale.
WARNING: [XSIM 43-4099] "C:/Users/PC/Desktop/KTSNC/FLP_TO_DECIMAL/FLP_TO_DECIMAL/adder.v" Line 1122. Module full_adder doesn't have a timescale but at least one module in design has a timescale.
WARNING: [XSIM 43-4099] "C:/Users/PC/Desktop/KTSNC/FLP_TO_DECIMAL/FLP_TO_DECIMAL/adder.v" Line 1122. Module full_adder doesn't have a timescale but at least one module in design has a timescale.
WARNING: [XSIM 43-4099] "C:/Users/PC/Desktop/KTSNC/FLP_TO_DECIMAL/FLP_TO_DECIMAL/adder.v" Line 1122. Module full_adder doesn't have a timescale but at least one module in design has a timescale.
WARNING: [XSIM 43-4099] "C:/Users/PC/Desktop/KTSNC/FLP_TO_DECIMAL/FLP_TO_DECIMAL/adder.v" Line 1122. Module full_adder doesn't have a timescale but at least one module in design has a timescale.
WARNING: [XSIM 43-4099] "C:/Users/PC/Desktop/KTSNC/FLP_TO_DECIMAL/FLP_TO_DECIMAL/adder.v" Line 1122. Module full_adder doesn't have a timescale but at least one module in design has a timescale.
WARNING: [XSIM 43-4099] "C:/Users/PC/Desktop/KTSNC/FLP_TO_DECIMAL/FLP_TO_DECIMAL/adder.v" Line 1122. Module full_adder doesn't have a timescale but at least one module in design has a timescale.
WARNING: [XSIM 43-4099] "C:/Users/PC/Desktop/KTSNC/FLP_TO_DECIMAL/FLP_TO_DECIMAL/adder.v" Line 1122. Module full_adder doesn't have a timescale but at least one module in design has a timescale.
WARNING: [XSIM 43-4099] "C:/Users/PC/Desktop/KTSNC/FLP_TO_DECIMAL/FLP_TO_DECIMAL/adder.v" Line 1122. Module full_adder doesn't have a timescale but at least one module in design has a timescale.
WARNING: [XSIM 43-4099] "C:/Users/PC/Desktop/KTSNC/FLP_TO_DECIMAL/FLP_TO_DECIMAL/adder.v" Line 1122. Module full_adder doesn't have a timescale but at least one module in design has a timescale.
WARNING: [XSIM 43-4099] "C:/Users/PC/Desktop/KTSNC/FLP_TO_DECIMAL/FLP_TO_DECIMAL/adder.v" Line 1122. Module full_adder doesn't have a timescale but at least one module in design has a timescale.
WARNING: [XSIM 43-4099] "C:/Users/PC/Desktop/KTSNC/FLP_TO_DECIMAL/FLP_TO_DECIMAL/adder.v" Line 1122. Module full_adder doesn't have a timescale but at least one module in design has a timescale.
WARNING: [XSIM 43-4099] "C:/Users/PC/Desktop/KTSNC/FLP_TO_DECIMAL/FLP_TO_DECIMAL/adder.v" Line 1122. Module full_adder doesn't have a timescale but at least one module in design has a timescale.
WARNING: [XSIM 43-4099] "C:/Users/PC/Desktop/KTSNC/FLP_TO_DECIMAL/FLP_TO_DECIMAL/adder.v" Line 1122. Module full_adder doesn't have a timescale but at least one module in design has a timescale.
WARNING: [XSIM 43-4099] "C:/Users/PC/Desktop/KTSNC/FLP_TO_DECIMAL/FLP_TO_DECIMAL/adder.v" Line 1122. Module full_adder doesn't have a timescale but at least one module in design has a timescale.
WARNING: [XSIM 43-4099] "C:/Users/PC/Desktop/KTSNC/FLP_TO_DECIMAL/FLP_TO_DECIMAL/adder.v" Line 679. Module adder24 doesn't have a timescale but at least one module in design has a timescale.
INFO: [Common 17-14] Message 'XSIM 43-4099' appears 100 times and further instances of the messages will be disabled. Use the Tcl command set_msg_config to change the current settings.
Completed simulation data flow analysis
Time Resolution for simulation is 1ps
Compiling module xil_defaultlib.full_adder
Compiling module xil_defaultlib.adder9
Compiling module xil_defaultlib.adder8
Compiling module xil_defaultlib.two_compliment8
Compiling module xil_defaultlib.shiftrightby16
Compiling module xil_defaultlib.shiftrightby8
Compiling module xil_defaultlib.shiftrightby4
Compiling module xil_defaultlib.shiftrightby2
Compiling module xil_defaultlib.shiftrightby1
Compiling module xil_defaultlib.shiftright
Compiling module xil_defaultlib.shiftright_frac
Compiling module xil_defaultlib.adder5
Compiling module xil_defaultlib.two_compliment5
Compiling module xil_defaultlib.shiftleftby16
Compiling module xil_defaultlib.shiftleftby8
Compiling module xil_defaultlib.shiftleftby4
Compiling module xil_defaultlib.shiftleftby2
Compiling module xil_defaultlib.shiftleftby1
Compiling module xil_defaultlib.shiftleft
Compiling module xil_defaultlib.shiftleft_frac
Compiling module xil_defaultlib.adder24
Compiling module xil_defaultlib.two_compliment24
Compiling module xil_defaultlib.precision
Compiling module xil_defaultlib.adder5_forBCD
Compiling module xil_defaultlib.adder4_BCD
Compiling module xil_defaultlib.adder8_BCD
Compiling module xil_defaultlib.adder16_BCD
Compiling module xil_defaultlib.adder32_BCD
Compiling module xil_defaultlib.adder48_BCD
Compiling module xil_defaultlib.FA
Compiling module xil_defaultlib.mult3
Compiling module xil_defaultlib.adder6
Compiling module xil_defaultlib.mult6
Compiling module xil_defaultlib.adder12
Compiling module xil_defaultlib.mult12
Compiling module xil_defaultlib.mult24
Compiling module xil_defaultlib.mult18
Compiling module xil_defaultlib.adder18
Compiling module xil_defaultlib.find_1_first
Compiling module xil_defaultlib.fraction
Compiling module xil_defaultlib.fp2real
Compiling module xil_defaultlib.fp2real_tb
Compiling module xil_defaultlib.glbl
Built simulation snapshot fp2real_tb_behav
