Vivado Simulator 2019.2
Copyright 1986-1999, 2001-2019 Xilinx, Inc. All Rights Reserved.
Running: E:/Programs/Xilinx/Vivado/2019.2/bin/unwrapped/win64.o/xelab.exe -wto 8e672a70011645b3bd2b85aee616657e --incr --debug typical --relax --mt 2 -L xil_defaultlib -L unisims_ver -L unimacro_ver -L secureip --snapshot multiplier_tb_behav xil_defaultlib.multiplier_tb xil_defaultlib.glbl -log elaborate.log 
Using 2 slave threads.
Starting static elaboration
Pass Through NonSizing Optimizer
WARNING: [VRFC 10-3091] actual bit length 32 differs from formal bit length 1 for port 'cin' [C:/Users/PC/Desktop/KTSNC/MULT1/mult.v:133]
WARNING: [VRFC 10-3091] actual bit length 32 differs from formal bit length 1 for port 'cin' [C:/Users/PC/Desktop/KTSNC/MULT1/mult.v:148]
WARNING: [VRFC 10-3091] actual bit length 32 differs from formal bit length 1 for port 'cin' [C:/Users/PC/Desktop/KTSNC/MULT1/mult.v:163]
Completed static elaboration
Starting simulation data flow analysis
Completed simulation data flow analysis
Time Resolution for simulation is 1ps
Compiling module xil_defaultlib.clb
Compiling module xil_defaultlib.clb2
Compiling module xil_defaultlib.adder8
Compiling module xil_defaultlib.FA
Compiling module xil_defaultlib.mult3
Compiling module xil_defaultlib.adder6
Compiling module xil_defaultlib.mult6
Compiling module xil_defaultlib.clb3
Compiling module xil_defaultlib.adder12
Compiling module xil_defaultlib.mult12
Compiling module xil_defaultlib.adder24
Compiling module xil_defaultlib.mult24
Compiling module xil_defaultlib.find_1_first
Compiling module xil_defaultlib.shiftleftby16
Compiling module xil_defaultlib.shiftleftby8
Compiling module xil_defaultlib.shiftleftby4
Compiling module xil_defaultlib.shiftleftby2
Compiling module xil_defaultlib.shiftleftby1
Compiling module xil_defaultlib.shiftleft
Compiling module xil_defaultlib.adder10
Compiling module xil_defaultlib.two_comp10
Compiling module xil_defaultlib.normalize
Compiling module xil_defaultlib.checkspecial
Compiling module xil_defaultlib.export_result_mult
Compiling module xil_defaultlib.multiplier
Compiling module xil_defaultlib.multiplier_tb
Compiling module xil_defaultlib.glbl
Built simulation snapshot multiplier_tb_behav
